<?xml version="1.0" encoding="UTF-8"?>
<!-- Generated by org.testng.reporters.JUnitReportReporter -->
<testsuite hostname="DESKTOP-3DARDA3" failures="0" tests="3" name="testNGAnnotations.GoogleSearchTestCase" time="55.512" errors="0" timestamp="2023-05-23T10:50:17 IST" skipped="0">
  <testcase classname="testNGAnnotations.GoogleSearchTestCase" name="search3" time="19.063"/>
  <system-out/>
  <testcase classname="testNGAnnotations.GoogleSearchTestCase" name="search1" time="26.796"/>
  <system-out/>
  <testcase classname="testNGAnnotations.GoogleSearchTestCase" name="search2" time="9.653"/>
  <system-out/>
</testsuite> <!-- testNGAnnotations.GoogleSearchTestCase -->
