<?xml version="1.0" encoding="UTF-8"?>
<!-- Generated by org.testng.reporters.JUnitReportReporter -->
<testsuite hostname="DESKTOP-3DARDA3" failures="0" tests="3" name="teatNGPackage2.DemoTest3" time="0.047" errors="0" timestamp="2023-05-23T09:38:50 IST" skipped="0">
  <testcase classname="teatNGPackage2.DemoTest3" name="g" time="0.009"/>
  <system-out>
    <![CDATA[g method from DemoTest3]]>
  </system-out>
  <testcase classname="teatNGPackage2.DemoTest3" name="h" time="0.019"/>
  <system-out>
    <![CDATA[h method from DemoTest3]]>
  </system-out>
  <testcase classname="teatNGPackage2.DemoTest3" name="i" time="0.019"/>
  <system-out>
    <![CDATA[i method from DemoTest3]]>
  </system-out>
</testsuite> <!-- teatNGPackage2.DemoTest3 -->
