<?xml version="1.0" encoding="UTF-8"?>
<!-- Generated by org.testng.reporters.JUnitReportReporter -->
<testsuite hostname="DESKTOP-3DARDA3" failures="0" tests="2" name="testNGFlags.Flag2" time="0.036" errors="0" timestamp="2023-05-26T10:09:55 IST" skipped="1">
  <testcase classname="testNGFlags.Flag2" name="method2" time="0.036"/>
  <system-out>
    <![CDATA[LogOut Performed]]>
  </system-out>
  <testcase classname="testNGFlags.Flag2" name="method1">
    <skipped/>
  </testcase> <!-- method1 -->
  <system-out/>
</testsuite> <!-- testNGFlags.Flag2 -->
