<?xml version="1.0" encoding="UTF-8"?>
<!-- Generated by org.testng.reporters.JUnitReportReporter -->
<testsuite hostname="DESKTOP-3DARDA3" failures="0" tests="1" name="teatNGPackage2.Test3" time="78.449" errors="0" timestamp="2023-05-24T09:27:14 IST" skipped="0">
  <testcase classname="teatNGPackage2.Test3" name="test3Method" time="78.449"/>
  <system-out/>
</testsuite> <!-- teatNGPackage2.Test3 -->
