<?xml version="1.0" encoding="UTF-8"?>
<!-- Generated by org.testng.reporters.JUnitReportReporter -->
<testsuite hostname="DESKTOP-3DARDA3" failures="0" tests="2" name="testNGExecution.SelectBrowser" time="25.934" errors="0" timestamp="2023-05-25T10:36:07 IST" skipped="0">
  <testcase classname="testNGExecution.SelectBrowser" name="method1" time="12.905"/>
  <system-out/>
  <testcase classname="testNGExecution.SelectBrowser" name="method1" time="13.029"/>
  <system-out/>
</testsuite> <!-- testNGExecution.SelectBrowser -->
