<?xml version="1.0" encoding="UTF-8"?>
<!-- Generated by org.testng.reporters.JUnitReportReporter -->
<testsuite hostname="DESKTOP-3DARDA3" failures="0" tests="1" name="testNGPackage.Sumo" time="0.004" errors="0" timestamp="2023-05-22T10:44:12 IST" skipped="0">
  <testcase classname="testNGPackage.Sumo" name="s" time="0.004"/>
  <system-out>
    <![CDATA[Where is Selenium!!]]>
  </system-out>
</testsuite> <!-- testNGPackage.Sumo -->
