<?xml version="1.0" encoding="UTF-8"?>
<!-- Generated by org.testng.reporters.JUnitReportReporter -->
<testsuite hostname="DESKTOP-3DARDA3" failures="0" tests="3" name="testNGFlags.Flag5" time="0.045" errors="0" timestamp="2023-05-26T10:56:17 IST" skipped="0">
  <testcase classname="testNGFlags.Flag5" name="logoutMethod" time="0.004"/>
  <system-out>
    <![CDATA[logout Performed]]>
  </system-out>
  <testcase classname="testNGFlags.Flag5" name="createUserMethod" time="0.006"/>
  <system-out>
    <![CDATA[User Created]]>
  </system-out>
  <testcase classname="testNGFlags.Flag5" name="loginMethod" time="0.035"/>
  <system-out>
    <![CDATA[Login Performed !!]]>
  </system-out>
</testsuite> <!-- testNGFlags.Flag5 -->
