<?xml version="1.0" encoding="UTF-8"?>
<!-- Generated by org.testng.reporters.JUnitReportReporter -->
<testsuite hostname="DESKTOP-3DARDA3" failures="0" tests="7" name="testNGFlags.Flag4" time="0.123" errors="0" timestamp="2023-05-26T10:40:26 IST" skipped="0">
  <testcase classname="testNGFlags.Flag4" name="p" time="0.034"/>
  <system-out>
    <![CDATA[p method]]>
  </system-out>
  <testcase classname="testNGFlags.Flag4" name="a" time="0.005"/>
  <system-out>
    <![CDATA[a method]]>
  </system-out>
  <testcase classname="testNGFlags.Flag4" name="z" time="0.007"/>
  <system-out>
    <![CDATA[z method]]>
  </system-out>
  <testcase classname="testNGFlags.Flag4" name="m" time="0.009"/>
  <system-out>
    <![CDATA[m method]]>
  </system-out>
  <testcase classname="testNGFlags.Flag4" name="f" time="0.012"/>
  <system-out>
    <![CDATA[f method]]>
  </system-out>
  <testcase classname="testNGFlags.Flag4" name="e" time="0.013"/>
  <system-out>
    <![CDATA[e method]]>
  </system-out>
  <testcase classname="testNGFlags.Flag4" name="k" time="0.043"/>
  <system-out>
    <![CDATA[k method]]>
  </system-out>
</testsuite> <!-- testNGFlags.Flag4 -->
