<?xml version="1.0" encoding="UTF-8"?>
<!-- Generated by org.testng.reporters.JUnitReportReporter -->
<testsuite hostname="DESKTOP-3DARDA3" failures="0" tests="12" name="testNGFlags.GroupFlag" time="0.123" errors="0" timestamp="2023-05-27T22:31:25 IST" skipped="0">
  <testcase classname="testNGFlags.GroupFlag" name="it1" time="0.032"/>
  <system-out>
    <![CDATA[IntegrationTestCase1]]>
  </system-out>
  <testcase classname="testNGFlags.GroupFlag" name="it3" time="0.005"/>
  <system-out>
    <![CDATA[IntegrationTestCase3]]>
  </system-out>
  <testcase classname="testNGFlags.GroupFlag" name="st1" time="0.012"/>
  <system-out>
    <![CDATA[SmokeTestCase1]]>
  </system-out>
  <testcase classname="testNGFlags.GroupFlag" name="st3" time="0.023"/>
  <system-out>
    <![CDATA[SmokeTestCase3]]>
  </system-out>
  <testcase classname="testNGFlags.GroupFlag" name="st4" time="0.003"/>
  <system-out>
    <![CDATA[SmokeTestCase4]]>
  </system-out>
  <testcase classname="testNGFlags.GroupFlag" name="st5" time="0.016"/>
  <system-out>
    <![CDATA[SmokeTestCase5]]>
  </system-out>
  <testcase classname="testNGFlags.GroupFlag" name="it6" time="0.009"/>
  <system-out>
    <![CDATA[IntegrationTestCase6]]>
  </system-out>
  <testcase classname="testNGFlags.GroupFlag" name="it2" time="0.005"/>
  <system-out>
    <![CDATA[IntegrationTestCase2]]>
  </system-out>
  <testcase classname="testNGFlags.GroupFlag" name="st6" time="0.005"/>
  <system-out>
    <![CDATA[SmokeTestCase6]]>
  </system-out>
  <testcase classname="testNGFlags.GroupFlag" name="st2" time="0.006"/>
  <system-out>
    <![CDATA[SmokeTestCase2]]>
  </system-out>
  <testcase classname="testNGFlags.GroupFlag" name="it4" time="0.003"/>
  <system-out>
    <![CDATA[IntegrationTestCase4]]>
  </system-out>
  <testcase classname="testNGFlags.GroupFlag" name="it5" time="0.004"/>
  <system-out>
    <![CDATA[IntegrationTestCase5]]>
  </system-out>
</testsuite> <!-- testNGFlags.GroupFlag -->
