<?xml version="1.0" encoding="UTF-8"?>
<!-- Generated by org.testng.reporters.JUnitReportReporter -->
<testsuite hostname="DESKTOP-3DARDA3" failures="0" tests="1" name="teatNGPackage2.Test4" time="18.076" errors="0" timestamp="2023-05-24T10:23:49 IST" skipped="0">
  <testcase classname="teatNGPackage2.Test4" name="test4Method" time="18.076"/>
  <system-out/>
</testsuite> <!-- teatNGPackage2.Test4 -->
