<?xml version="1.0" encoding="UTF-8"?>
<!-- Generated by org.testng.reporters.JUnitReportReporter -->
<testsuite hostname="DESKTOP-3DARDA3" failures="0" tests="2" name="teatNGPackage2.MethodExecution" time="0.074" errors="0" timestamp="2023-05-24T10:17:35 IST" skipped="0">
  <testcase classname="teatNGPackage2.MethodExecution" name="method1" time="0.036"/>
  <system-out>
    <![CDATA[17 : is the thread id of the method
method 1]]>
  </system-out>
  <testcase classname="teatNGPackage2.MethodExecution" name="method2" time="0.038"/>
  <system-out>
    <![CDATA[18 : is the thread id of the method
method 2]]>
  </system-out>
</testsuite> <!-- teatNGPackage2.MethodExecution -->
