<?xml version="1.0" encoding="UTF-8"?>
<!-- Generated by org.testng.reporters.JUnitReportReporter -->
<testsuite hostname="DESKTOP-3DARDA3" failures="0" tests="1" name="testNGPackage.Remo" time="0.005" errors="0" timestamp="2023-05-22T10:44:12 IST" skipped="0">
  <testcase classname="testNGPackage.Remo" name="r" time="0.005"/>
  <system-out>
    <![CDATA[Hii SarikaPatil!!]]>
  </system-out>
</testsuite> <!-- testNGPackage.Remo -->
