<?xml version="1.0" encoding="UTF-8"?>
<!-- Generated by org.testng.reporters.JUnitReportReporter -->
<testsuite hostname="DESKTOP-3DARDA3" failures="0" tests="3" name="testNGAnnotations.GoogleSearchTestCase" time="57.973" errors="0" timestamp="2023-05-26T10:01:56 IST" skipped="0">
  <testcase classname="testNGAnnotations.GoogleSearchTestCase" name="search3" time="27.862"/>
  <system-out/>
  <testcase classname="testNGAnnotations.GoogleSearchTestCase" name="search1" time="19.372"/>
  <system-out/>
  <testcase classname="testNGAnnotations.GoogleSearchTestCase" name="search2" time="10.739"/>
  <system-out/>
</testsuite> <!-- testNGAnnotations.GoogleSearchTestCase -->
