<?xml version="1.0" encoding="UTF-8"?>
<!-- Generated by org.testng.reporters.JUnitReportReporter -->
<testsuite hostname="DESKTOP-3DARDA3" failures="0" tests="2" name="testNGExecution.SelectBrowser1" time="42.874" errors="0" timestamp="2023-05-26T09:11:50 IST" skipped="0">
  <testcase classname="testNGExecution.SelectBrowser1" name="method1" time="21.429"/>
  <system-out/>
  <testcase classname="testNGExecution.SelectBrowser1" name="method1" time="21.445"/>
  <system-out/>
</testsuite> <!-- testNGExecution.SelectBrowser1 -->
