<?xml version="1.0" encoding="UTF-8"?>
<!-- Generated by org.testng.reporters.JUnitReportReporter -->
<testsuite hostname="DESKTOP-3DARDA3" failures="0" tests="1" name="teatNGPackage2.ActiTime1" time="26.131" errors="0" timestamp="2023-05-24T12:12:35 IST" skipped="0">
  <testcase classname="teatNGPackage2.ActiTime1" name="loginMethod" time="26.131"/>
  <system-out/>
</testsuite> <!-- teatNGPackage2.ActiTime1 -->
