<?xml version="1.0" encoding="UTF-8"?>
<!-- Generated by org.testng.reporters.JUnitReportReporter -->
<testsuite hostname="DESKTOP-3DARDA3" failures="0" tests="1" name="teatNGPackage2.Test6" time="29.897" errors="0" timestamp="2023-05-24T10:33:38 IST" skipped="0">
  <testcase classname="teatNGPackage2.Test6" name="test6Method" time="29.897"/>
  <system-out/>
</testsuite> <!-- teatNGPackage2.Test6 -->
