<?xml version="1.0" encoding="UTF-8"?>
<!-- Generated by org.testng.reporters.JUnitReportReporter -->
<testsuite hostname="DESKTOP-3DARDA3" failures="0" tests="3" name="teatNGPackage2.DemoTest1" time="0.026" errors="0" timestamp="2023-05-23T09:38:50 IST" skipped="0">
  <testcase classname="teatNGPackage2.DemoTest1" name="a" time="0.012"/>
  <system-out>
    <![CDATA[a method from DemoTest1]]>
  </system-out>
  <testcase classname="teatNGPackage2.DemoTest1" name="b" time="0.008"/>
  <system-out>
    <![CDATA[b method from DemoTest1]]>
  </system-out>
  <testcase classname="teatNGPackage2.DemoTest1" name="c" time="0.006"/>
  <system-out>
    <![CDATA[c method from DemoTest1]]>
  </system-out>
</testsuite> <!-- teatNGPackage2.DemoTest1 -->
