<?xml version="1.0" encoding="UTF-8"?>
<!-- Generated by org.testng.reporters.JUnitReportReporter -->
<testsuite hostname="DESKTOP-3DARDA3" failures="0" tests="1" name="testNGFlags.Flag1" time="0.039" errors="0" timestamp="2023-05-26T09:52:47 IST" skipped="0">
  <testcase classname="testNGFlags.Flag1" name="method1" time="0.039"/>
  <system-out>
    <![CDATA[Method 1 Login]]>
  </system-out>
</testsuite> <!-- testNGFlags.Flag1 -->
