<?xml version="1.0" encoding="UTF-8"?>
<!-- Generated by org.testng.reporters.JUnitReportReporter -->
<testsuite hostname="DESKTOP-3DARDA3" failures="0" tests="2" name="testNGPackage.Demo" time="0.076" errors="0" timestamp="2023-05-22T10:44:12 IST" skipped="0">
  <testcase classname="testNGPackage.Demo" name="g" time="0.035"/>
  <system-out>
    <![CDATA[Hii Sarika!!]]>
  </system-out>
  <testcase classname="testNGPackage.Demo" name="f" time="0.041"/>
  <system-out>
    <![CDATA[Hii TestNG!!]]>
  </system-out>
</testsuite> <!-- testNGPackage.Demo -->
