<?xml version="1.0" encoding="UTF-8"?>
<!-- Generated by org.testng.reporters.JUnitReportReporter -->
<testsuite hostname="DESKTOP-3DARDA3" failures="0" tests="10" name="testNGFlags.Flag3" time="0.096" errors="0" timestamp="2023-05-26T10:20:26 IST" skipped="0">
  <testcase classname="testNGFlags.Flag3" name="method1" time="0.003"/>
  <system-out>
    <![CDATA[Login test case]]>
  </system-out>
  <testcase classname="testNGFlags.Flag3" name="method1" time="0.011"/>
  <system-out>
    <![CDATA[Login test case]]>
  </system-out>
  <testcase classname="testNGFlags.Flag3" name="method1" time="0.003"/>
  <system-out>
    <![CDATA[Login test case]]>
  </system-out>
  <testcase classname="testNGFlags.Flag3" name="method1" time="0.005"/>
  <system-out>
    <![CDATA[Login test case]]>
  </system-out>
  <testcase classname="testNGFlags.Flag3" name="method1" time="0.013"/>
  <system-out>
    <![CDATA[Login test case]]>
  </system-out>
  <testcase classname="testNGFlags.Flag3" name="method1" time="0.004"/>
  <system-out>
    <![CDATA[Login test case]]>
  </system-out>
  <testcase classname="testNGFlags.Flag3" name="method1" time="0.010"/>
  <system-out>
    <![CDATA[Login test case]]>
  </system-out>
  <testcase classname="testNGFlags.Flag3" name="method1" time="0.004"/>
  <system-out>
    <![CDATA[Login test case]]>
  </system-out>
  <testcase classname="testNGFlags.Flag3" name="method1" time="0.039"/>
  <system-out>
    <![CDATA[Login test case]]>
  </system-out>
  <testcase classname="testNGFlags.Flag3" name="method1" time="0.004"/>
  <system-out>
    <![CDATA[Login test case]]>
  </system-out>
</testsuite> <!-- testNGFlags.Flag3 -->
