<?xml version="1.0" encoding="UTF-8"?>
<!-- Generated by org.testng.reporters.JUnitReportReporter -->
<testsuite hostname="DESKTOP-3DARDA3" failures="0" tests="1" name="teatNGPackage2.DemoTest2" time="0.032" errors="0" timestamp="2023-05-23T09:45:11 IST" skipped="0">
  <testcase classname="teatNGPackage2.DemoTest2" name="f1" time="0.032"/>
  <system-out>
    <![CDATA[F1 method from DemoTest2]]>
  </system-out>
</testsuite> <!-- teatNGPackage2.DemoTest2 -->
